d:\учеба\3 курс\ос\курсовая работа ос\console_app\consoleapplication1\consoleapplication1\debug\vc120.pdb
d:\учеба\3 курс\ос\курсовая работа ос\console_app\consoleapplication1\consoleapplication1\debug\vc120.idb
d:\учеба\3 курс\ос\курсовая работа ос\console_app\consoleapplication1\consoleapplication1\debug\исходный код.obj
d:\учеба\3 курс\ос\курсовая работа ос\console_app\consoleapplication1\consoleapplication1\debug\mainapplication.obj
d:\учеба\3 курс\ос\курсовая работа ос\console_app\consoleapplication1\consoleapplication1\debug\workwithdocument.obj
d:\учеба\3 курс\ос\курсовая работа ос\console_app\consoleapplication1\debug\consoleapplication1.ilk
d:\учеба\3 курс\ос\курсовая работа ос\console_app\consoleapplication1\debug\consoleapplication1.exe
d:\учеба\3 курс\ос\курсовая работа ос\console_app\consoleapplication1\debug\consoleapplication1.pdb
d:\учеба\3 курс\ос\курсовая работа ос\console_app\consoleapplication1\consoleapplication1\debug\nativecodeanalysis.read.1.tlog
d:\учеба\3 курс\ос\курсовая работа ос\console_app\consoleapplication1\consoleapplication1\debug\vc.nativecodeanalysis.all.xml
d:\учеба\3 курс\ос\курсовая работа ос\console_app\consoleapplication1\consoleapplication1\debug\исходный код.nativecodeanalysis.xml
d:\учеба\3 курс\ос\курсовая работа ос\console_app\consoleapplication1\debug\consoleapplication1.exe.lastcodeanalysissucceeded
d:\учеба\3 курс\ос\курсовая работа ос\console_app\consoleapplication1\consoleapplication1\debug\consolea.50c5fbec.tlog\cl.command.1.tlog
d:\учеба\3 курс\ос\курсовая работа ос\console_app\consoleapplication1\consoleapplication1\debug\consolea.50c5fbec.tlog\cl.read.1.tlog
d:\учеба\3 курс\ос\курсовая работа ос\console_app\consoleapplication1\consoleapplication1\debug\consolea.50c5fbec.tlog\cl.write.1.tlog
d:\учеба\3 курс\ос\курсовая работа ос\console_app\consoleapplication1\consoleapplication1\debug\consolea.50c5fbec.tlog\link-cvtres.read.1.tlog
d:\учеба\3 курс\ос\курсовая работа ос\console_app\consoleapplication1\consoleapplication1\debug\consolea.50c5fbec.tlog\link-cvtres.write.1.tlog
d:\учеба\3 курс\ос\курсовая работа ос\console_app\consoleapplication1\consoleapplication1\debug\consolea.50c5fbec.tlog\link-rc.read.1.tlog
d:\учеба\3 курс\ос\курсовая работа ос\console_app\consoleapplication1\consoleapplication1\debug\consolea.50c5fbec.tlog\link-rc.write.1.tlog
d:\учеба\3 курс\ос\курсовая работа ос\console_app\consoleapplication1\consoleapplication1\debug\consolea.50c5fbec.tlog\link.3608-cvtres.read.1.tlog
d:\учеба\3 курс\ос\курсовая работа ос\console_app\consoleapplication1\consoleapplication1\debug\consolea.50c5fbec.tlog\link.3608-cvtres.write.1.tlog
d:\учеба\3 курс\ос\курсовая работа ос\console_app\consoleapplication1\consoleapplication1\debug\consolea.50c5fbec.tlog\link.3608-rc.read.1.tlog
d:\учеба\3 курс\ос\курсовая работа ос\console_app\consoleapplication1\consoleapplication1\debug\consolea.50c5fbec.tlog\link.3608-rc.write.1.tlog
d:\учеба\3 курс\ос\курсовая работа ос\console_app\consoleapplication1\consoleapplication1\debug\consolea.50c5fbec.tlog\link.3608.read.1.tlog
d:\учеба\3 курс\ос\курсовая работа ос\console_app\consoleapplication1\consoleapplication1\debug\consolea.50c5fbec.tlog\link.3608.write.1.tlog
d:\учеба\3 курс\ос\курсовая работа ос\console_app\consoleapplication1\consoleapplication1\debug\consolea.50c5fbec.tlog\link.command.1.tlog
d:\учеба\3 курс\ос\курсовая работа ос\console_app\consoleapplication1\consoleapplication1\debug\consolea.50c5fbec.tlog\link.read.1.tlog
d:\учеба\3 курс\ос\курсовая работа ос\console_app\consoleapplication1\consoleapplication1\debug\consolea.50c5fbec.tlog\link.write.1.tlog
